<?xml version="1.0" encoding="UTF-8"?>
<!-- Generated by org.testng.reporters.JUnitReportReporter -->
<testsuite hostname="AirvonSivananda" failures="0" tests="3" name="testcases.LoginTest" time="54.515" errors="0" timestamp="2024-12-01T19:55:59 CET" skipped="0">
  <testcase classname="testcases.LoginTest" name="testLoginFailureOnWrongEmail" time="17.233"/>
  <testcase classname="testcases.LoginTest" name="testLoginFailureOnWrongPassword" time="9.635"/>
  <testcase classname="testcases.LoginTest" name="testSuccessfullLogin" time="27.647"/>
</testsuite> <!-- testcases.LoginTest -->
